<?xml version="1.0" encoding="UTF-8"?>
<con:soapui-project resourceRoot="${projectDir}" name="test" soapui-version="2.0.3" xmlns:con="http://eviware.com/soapui/config"><con:encryptedContent xmlns:xsi="http://www.w3.org/2001/XMLSchema-instance">VTJGc2RHVmtYMStsaG5OcmhmaHdlMWJFZ0NyMzVQNGQ0ZDd0blpOYVNnUHk3TklGMnpsNjRKZlBDWE5KR0xVVwo4ZmNZUXgzSFg0Tk9qRU1oc2tGQ2tmUjU1OXJrMUxxZGhmTW44RWxSWitCcFBkaUNKN3dFM1UxRGwrNHQ1N2w0CnJYWENucGVlZzZWdmI3YVVNV0RZcWQ4OFBMYUt1ZXFHbkRYL0FNNDdLV0phdDVRaFkxRHVCKzZTNUN4cXc1UFoKZmlQNEpSNTBZVVRVRkdnNUgrOWVzWTBEQlVLUzQ3c0NnRU43bzlDNEpqME96QXpRNkRWTGlRTDhBQWwwWFZnZwplbEV6Ly9KS2pCUktQa3Z4dDlSN1VYd2FNdGZ0eFdVWVA4eFdjZGsrelNUMVFvUWtVWmhkU29rMEdsSjZ1dnlOCmNDV1QyUlBFR012T2ttY2tvVmRLdUFaeEdSU2JHdkJEcHJaQWV3MzRiNHhUZGhoNlozMFdpejZEcDRmVFA1TFEKanR5clV2TkFRb0hHM3YwZFBrdHNvRlFqMU9YT1dDY294eVEybWc1c0VHT09ZY25PSHFaWGMvV3JvRVhEWVNORgpkNHlNMjh4MTVZOUxzTUd2bnJqcXMrSHlvTEZyRklja1pmMVJvTHdtdU1ZemVHdWN3Znl1bzZBZzZRdkY1OFFMCk80Uk1CRGVlTWR3dE9lTTM4eHBTTHN2UTdpM3JnRnJFeDdMQktCNmsyUWRWMlA2QkNqZ09vbkJnb1dyTjBtaXEKL1ZIVDY1MUhSbVQvRER5bVN0ZnFsN3pjaGRMYXE4WWJ4T2Q4aEFJZjBadU85MS9BMFMxN1JyamttZzBSc2E4SgpxUUhyU1ZoRzFPSWNyMnZ1WDVnTnRwRU4rbVcxTUZzMnJPR2FaNzZzdW5MRWlUaDJuY24xTXBLTEZLbG5xTnduCjhkN1JXRFREMXd6bzNyT0hxcy9RcEZ5akxvNkJ5ejBERWhuZzllWVhLbkpJVTZmUVpxTHlaWThQTzVaV2U3TDAKbWFaZTRaeVJjMnVHMDlLK3hRdzNrT1oybG5IV1BhbU9VTnEvYklsK1hOeEJoV3FqcGxuSy9hNVJWdVdhcktCdwpJSWZkOExQcFd3WDB2eWJpRDZWL3JGWGJ3ZzVjdWRNeURuMXdGWSsxOEg0SWpWa29GNk5kWS9MRnJ4T1BZTzljCjNYejJhU3YzUWsvYk11NkhZR2d3OHBiNzVYdmk5Rk9KVFpRdklpNW1GTEE0alpQQ0pPSFRhdkpLNnFINmk5ZlAKZzZvNENXSXpmeFZhMCtWV295TzUyTE5lbitjcFc0NnZjSWo4cVl1VHdzZjB1alI5TlNQSWhabktUaUxlbVJEcgpiNTU3UFVEQUQvVi9VZHY1TXVjaXVxT0l3SVdjQ1RaSVJTM2xqVmFKOHMvbUd0TDh3eXdZN21KNjZxOTR0SXIwCkhvMjFZcEY5MW4wNm96V3VlOEVIdENHZmNteFlYMlBNQWN3b0FGc1lDMTV3V3h5TklOSnBKS05aaHI0elJ6ZnEKa0JXVjQxcDhMeHhnejduYjBzQWtPcTJIUEZIQ0xFNllZUHN3OGJuODZ5akJzOGpKR1VzVWlSTnYzb1lEYW1FVApUV09wTXBsZFpEWnpPaGFFcE5Rb2NDOVhUU0xhY0NQbVpvR0M3ODk2aUxqT0xZMzZWVW1Qb09aQWdEb1A1ckZMCi9DbUNtcmNRNjgrZkd5WWxacnQrTU8zeVV6TmVERkhVcjM3enI0RHJLc2pvVjRaNmdrb1NQblFMQ1Bkc2dkMnkKK1RCL3ZpZVVHK3JzQk0vMGJVQ0E2L2kvY1BISkVCWlpxbkdTUGVjL1dLUXNObkw3T1lBMmFnaVU4cTZoSUFYSQo5Ti9kUklMYUZLWGJBUmszeGlRRWdHbXRPMVZJZjB0a3BvZUtOeC93N2tJV0d2UDdvUi8vSWZqY2NRNVluOExSCjNmRGUrd3FJUHpENUJhaFhGY2dWY1hEdEkyT29oTU5jRkdWNFoyQkR0ZFB1MHJZWVE0eVNBQzI3Y0gzR05wbUwKQzBTV0ltNTlkRElHcHpzRXJwVU9Sck8zeGI2NjB2OVB4QUkyZHZsNlpqNlQ0WDdSSFl6WElWaG1iT1IvNXJEQwo1UzRFS3RPeE10a2EwTXZsT2swV1Z6K1hLTzcwckhXemxTMmlIWkFIVzJwcGVIeDJNYzhYVHZmTVkvNXl6UEJrCktWVTh2U25DbDVOaXJxWkNjbmZGRm9uUzBpY21ZRkRZRkp3NEd6RERqeXFib0R2YnlXZjdPRVBOQUVNVEpYbFkKOVpZZ0syMzlEa0ZTWlU3SkF4WTlnR0hIalRhbTJuZGdjRWtNWGVZSjl2aFNucEp0aWp1cWZFc0Q1cWJBdEorRgprYTR5MVhUMGpXZVZ3azM3QlRWNmR0clZ1MHFpYlU3dlIreHAzZGxPQjJTOS9nUjlvWWFaOVZyQ21MejNNUDdxCnZHNTdtQ2pmRmxsUW1pN3F4L056MFBBenBhUEJuV0c2ZTJlTXZ4Y0k1MHkyQ0pVRUdtMmRHMlZ2U2cxUTA5eE0KWm85WUhhUjVoKzFtK3Q3blc2aUx1RHZIUDZJYzFZczRhSkt3S29kQzJad05vcGI0ZENMZnJlRW5ncHRWeEUzdwpxem50R1dJZHFOWWhlbGEzM0J5TjFkY1A4RlA4ZEY4VU11aFFhNktWM00wc0JzbjJvbHp3Y3d1eCt4U1IxQ1IxClNyWUl1RExTQjh6aUxjN0dpekFuM0F6Y0xmYXlNcEZmMWdUNjA2VnZYQ3ZxS2JjWlF6WktVWnI4NXlGL09zMkgKZHh4aFlSS0N2TXdrVlhSQjBrK3JNWk5hSU1QenpMY0lwWVhnYUxrcjJNRk45SXVvM3dJRmZuS0N3VDZUaXFqVAoxL1BPMnJMbzM1aUhvNERTZzVlZVN2N2ZnbTI1d3M3UDBUL0poMlBLVWFzZnRvYXUwdEQ2TTFRTjkzQUlwaFNlClZmVXVJTlA2ODNUUE5QQzloQ2VrT0Vad3JsWFZiV2lpRFNsMlRsWUMyOE1VMnI3bkpQUHdMUVc0cG5aSjNXYisKS3FsOUx6Mm4zNDE4MDZXQm9UbHN0MWYzdGpocUlOOW0yeGRwalZQYXFPNHpwMWhJcDdSUFE5ak04WE5Uc1A5Nwp5NWtnZVZ6Mms1eURTMmIySWRhTVN3UEw3cHUrYTVBWjBMamhHZ0FzVEhJMjJzZ2wrWllrQmdSN1pDcEJDdzE2CjdMOUFhSXlYUlBscTdYbUc4bVJYTGs5ZDE1TkwveHRmSnVXWmxXNkNKR1Z5VzAwUGhFSzNpTkJkUFU3L2pzMCsKSk5JN2RxZVgrcWxQOTh5dFMxcFhVWktkamU0L0ZYaVFZWmZUTVFsdzc3MmRMYXZvaEMyWGQ3ZTZNSlNaSEdpZwpMVXpjY290NkFvdGFEOW9tRVI2c0haai9BcFZNOVpqL0EyeDk1TFpOOCt5Y1dKcEFVMHBvOCtNSHVlSXp5blp6Clp6eWhBZDhHWlc3VG1zbVBmU244c05sSkRjTVAxZU1YK2hNRmZZYkNKZTdFVGhtaTlFenRXc2UrK0crKzA5eXgKbXgxQ0FCYVhud3JQdnpZenczWEFWdmN2NXU0eXVLVThSWDhmUG15UFVLMnNQT2tPNmVTbHhBN3AzbG5vdUhzUAptRTN2Mnl4QVdLeWdKMEZhdFJOV1QrOEtNdmM5cG5lUHR5WVVwdjBrMmJrNU5OdTFPS2dzUzcyZ0N3Y0RJcm5ICnFJTVJaTjBCQ0owVnFqdk1KbnBRUGVxZ25hd0FYVmlLQ0tXRGJFU0VFOTVKMlcrOXRKWktBckZRQ2FmVGl0QUkKa1ltNmdCSW1vZkgvemx2L0NYejRBSnZiT3VaRGljSU52Vm42SGt3bS9mbCtRNFM4bW9LS1Bib2h5MmR3OVN4bApxZU9ReVdSYmxCOUZWWFF0STFXMWY4Y1hZcTg2Y0M0bzhNMERWNWNBN25sTG53UzZRRlBsdWw2Q253MEYzTkJiCkZKRUdYK3ZDZFEzU0haRlkvZnY4bjhETy9FQmJCSXR0VWlYVHptYzZod1g5ZUdDcURNOFB3NEtUN0cvZnMrTm0KV25jZFFXRXZnQkIvZVk2dkpaRXpnMks3K2J5NjdNcDI0ek9VQURFUXRjNUJ2VkRpSE5CK1JDYmdweTZFczJNLwpXcmxrcXNvVnd0UE5vZFJ6ZnFTTE5GWmVaR1FlTkJzd2pwN1dvaTlWck5UUVdPbE4vSmR0RkpEejY2a0h4a3ZGCjBPMjMrRmNUQ24yLzJsY3k5QTYzVzlLZnZyczZtNkUxeTN1Q2dNejZWeDI4SjdRVVpSYk9uMHFHTDdjUTk0RkgKYjJ3bSsvMVUzclZtWXRUQ01VM3BYK1QybjdMVDZ2YitQeWFOQTMwYmV4TEtRblRJZzFCa0pid0lpQStyTExrbApvNEdCZ1pZN096akhrQXQyYnN1M0JEMWM5UTJwNnpPZXhubm04dDhpRXdvQk1sTFNHQzZrUkUvUmJaZkE4MGZICmVCeHJrUU1oQ1JxeFVrU1dLNEpxUHN2VjhYazlXTE10QjFqa01FaFJOYUgzRzByZGxSUGxOZVNiK0ZpcGRQV0UKUVE4T1NoamMwRGtIR0g2cXZRZWZYSnpneUJmKzZHcCtVMy96VW5rdmZuWUJPL2Z3QkRTRFBhT3lGK2xFQktCcwpWektUd1BiUW5GanB3ZE9aWHhyeVpUYy80K3puYkhLWm8wREs3TTdVRVdRajBURXUyVTBxSUgzRTNheWlkd0NmCjExN2g4NUs0MFdabldxL2o4eVg0QVpvN0FwMWtIZDFPcGQ0d29VRVF6TWNwOG5TRHVLRURTREROeks4b2xwRzUKSlNiNXowcTVRODdtRkROZFdzNVNlRS9lSU1FRXhEME9SOTlNQ0hJdllpS1JnYXpyb0NjeXV6THNJWHppeTdtSQp5OEtpK0hDU3MyQVlYMFJGK2NTWERKUGdST09qczJrYnNzODJoVzZsNlhHWGt1RGt0eFVqU0gxU0c5a2xkUmtlCkI3azBTVTgxeXE4cFZpUGtVS1ZmV3FpaXJmZ29TdFBkYW9WS01mWFJPNEFKOHNQQ1VJNGZrZldkc0RlS0hldFQKUDBjVFJqZzF2WDQxcEdVNmhEdzN3UFNVVHB6QjNyWXJ5dUh5UE03MjNSN3lTZm9FM1ZCVW1YVnZFZDk2NFJkSApNNkRKdGk3Q2RTTmI0NnB3QVpmR3pEUllEM296NVVXL2RjY29oSG9yTlJobmFmVzlSNjdJQmROZ3hjUkM4anZVCmhYYVlIdzJ0UlJYY3VCWENqZHZ2cFlKN21md2lmWVRUWXhHNnIyM2JMRGhCRW9GUXV4VW81U3FTOU5najVENUcKQ2RwZktqU1l3eU5scEZ1UVR2SlJHTnVqL05MaFoxNlJ4Y083NTVFYWR4L3dtWk1BUUdsRDd2S2c0L1gwTit6MAo5aW9jbmh0M3hydlJyVzNNWEtKN2tjd1g1aURlbUdDOWJUVkIrUWlad3g3dGdLdXl6Zm1JdlFSUjBpSFZZdzQyCnZsZ25vTkVaaldJVkRKeWhEOVFMRFdPR25BUUpyeExoZkJCdGNPTmt6cUJZcUlrNzB2a3pSaEF4S1ZDUmh4elMKNWk0UEdabExRL1ZKZVh6RXZDOGM1VHJPczVZbkZYbW5uR0U4SFlyY204dkQ3YlZ0Y1ZWemFVVVhMZzNPanZ1RwpsWVNsMDFHTEE2UEFBVW1SaHRYMnEzLzhKelMyeGx0NnpqRU9KTmhLaXdIUzAxYWE3YkR2RjJ1RHNpenhmeGQ5CmtTR3hCYTJFUzA4NUxnd1ovMGxWSVFGV3FUOWIvTGd2bDViMDYvU3hpcVhLSWlqWitOT2lUSnErOGRsQzIvOGIKblFRWVYwSmNCTDhTZ0Y0ejB0NFc3NSsxR0RPbXJiZmpHNW56QlA5T0RLYWhFY1N3eG9HUERnb05GbStIQ0tjWAp4UTJBc0gyaThyNWxFeWVianlNbU5lTTNncVJsbmZjSWJ2YUlWZ1J3aVJ0UzdhMFhycWU1Nm1YNkpKOFQyVFgrCk02TE1CNHVQU29ScEFwK0IrMk9xbUdyOXFSTUpFd3VLdFVjcnVvVnI1SkJ4S1ZFMnEvV2dRcE1DaXpCZS9YbW8KUG9YMUxqK1lJWWpKS3pFM3RBa0hJV1FPZXdyUUh6aW5aczZPd0RZbFVMdlJNL2ZYTFFacUltN1AvbE1qZEtIagpMSzJVZnFRSmE1WVNVYkZKVFkxWFNnK2JRMk5XVi94UW1sNWxPdWtVQlRqVkdjWnF0bDlzTThyN3NYVGJhZHduCndKRnVNWmtFbnZJWUloWjVpQkpUNWFGU2d6Y0ZmditFY1RkOXdOSEYwWkVDc29PL2dvb05jQU1pUVVIM1NvMzkKSWd1RDd3RGt1N2tNNm9sdTZOR1lVUXp3Q1kzUEw3VDdNajFPbWdTVGErYkVaMi9tK25LVXFuQ1FNV1JIM0pQcwoxWlJtL3N1ZVBaaDQ2NHA4d2Y5MzVycmRCNkRSL05ndkozUWpvdEljMHlsTUF2KzlDb1g2Vkk3WDdGZjJpQmpvCkFRRnd1a0VUMmRZZmx1bnd0ZmV6cWlDSzM5WnZ6MDRPUmcybUJzTEFSWWF2ZkphNGszOFliYlNGdzNHWnFnY2oKQVNwSXA3MWJPRXg3NzdDK2Iya3dmVDlJTGt0bThqc1JUTU10UzF3dTZlbmdFSHZDdlNocVVVOEppWmQ3NGxJMwpIUzJIV0QzcVEyb3FYVzk3T2t0TTRkUnJGa3d2TUhCVWh1YkYxOEJsa05Ga0djaHFrUVRsMGpaTXFUUlgvZHU4CmwrQ0NLR1FFQm91M1MrMm5FQXlPUjdqVHJ5UFYzNmFqOWhwckRtZWF3TjY4K3BnNDdVZTVxMm1OeWw4ZWVudUEKbHF4ckhhd1VuYkpzeHVoQ0h1bG05U3BrbkdQbzcxMUZFWkVCTFAvdXpkVS82VUJOU3pvdWUzS0EwYnpDOFFqYQpFUUhTb3p3c3Buc1h6d05iSFRvaDhLRjBXd09KUWlGZElFYkdHQTZETkF5YmVFdDA4MytmbkE9PQo=</con:encryptedContent><con:wssContainer/></con:soapui-project>